0 info it worked if it ends with ok
1 verbose cli [ 'C:\\Program Files\\nodejs\\node.exe',
1 verbose cli   'C:\\Program Files\\nodejs\\node_modules\\npm\\bin\\npm-cli.js',
1 verbose cli   'install',
1 verbose cli   '--save',
1 verbose cli   'json-loader' ]
2 info using npm@2.15.9
3 info using node@v4.5.0
4 verbose install initial load of C:\Users\xeeadmin\xee\apps\xee_linda_problem_simple\package.json
5 warn package.json xee-boilerplate@1.0.0 No description
6 verbose installManyTop reading scoped package data from C:\Users\xeeadmin\xee\apps\xee_linda_problem_simple\node_modules\babel-core\package.json
7 verbose installManyTop reading scoped package data from C:\Users\xeeadmin\xee\apps\xee_linda_problem_simple\node_modules\babel-loader\package.json
8 verbose installManyTop reading scoped package data from C:\Users\xeeadmin\xee\apps\xee_linda_problem_simple\node_modules\babel-polyfill\package.json
9 verbose installManyTop reading scoped package data from C:\Users\xeeadmin\xee\apps\xee_linda_problem_simple\node_modules\babel-preset-es2015\package.json
10 verbose installManyTop reading scoped package data from C:\Users\xeeadmin\xee\apps\xee_linda_problem_simple\node_modules\babel-preset-react\package.json
11 verbose installManyTop reading scoped package data from C:\Users\xeeadmin\xee\apps\xee_linda_problem_simple\node_modules\highcharts\package.json
12 verbose installManyTop reading scoped package data from C:\Users\xeeadmin\xee\apps\xee_linda_problem_simple\node_modules\material-ui\package.json
13 verbose installManyTop reading scoped package data from C:\Users\xeeadmin\xee\apps\xee_linda_problem_simple\node_modules\react\package.json
14 verbose installManyTop reading scoped package data from C:\Users\xeeadmin\xee\apps\xee_linda_problem_simple\node_modules\react-dom\package.json
15 verbose installManyTop reading scoped package data from C:\Users\xeeadmin\xee\apps\xee_linda_problem_simple\node_modules\react-highcharts\package.json
16 verbose installManyTop reading scoped package data from C:\Users\xeeadmin\xee\apps\xee_linda_problem_simple\node_modules\react-motion\package.json
17 verbose installManyTop reading scoped package data from C:\Users\xeeadmin\xee\apps\xee_linda_problem_simple\node_modules\react-redux\package.json
18 verbose installManyTop reading scoped package data from C:\Users\xeeadmin\xee\apps\xee_linda_problem_simple\node_modules\react-swipeable-views\package.json
19 verbose installManyTop reading scoped package data from C:\Users\xeeadmin\xee\apps\xee_linda_problem_simple\node_modules\react-tap-event-plugin\package.json
20 verbose installManyTop reading scoped package data from C:\Users\xeeadmin\xee\apps\xee_linda_problem_simple\node_modules\react-throttle-render\package.json
21 verbose installManyTop reading scoped package data from C:\Users\xeeadmin\xee\apps\xee_linda_problem_simple\node_modules\react-tooltip\package.json
22 verbose installManyTop reading scoped package data from C:\Users\xeeadmin\xee\apps\xee_linda_problem_simple\node_modules\reactcss\package.json
23 verbose installManyTop reading scoped package data from C:\Users\xeeadmin\xee\apps\xee_linda_problem_simple\node_modules\redux\package.json
24 verbose installManyTop reading scoped package data from C:\Users\xeeadmin\xee\apps\xee_linda_problem_simple\node_modules\redux-actions\package.json
25 verbose installManyTop reading scoped package data from C:\Users\xeeadmin\xee\apps\xee_linda_problem_simple\node_modules\redux-logger\package.json
26 verbose installManyTop reading scoped package data from C:\Users\xeeadmin\xee\apps\xee_linda_problem_simple\node_modules\redux-saga\package.json
27 verbose installManyTop reading scoped package data from C:\Users\xeeadmin\xee\apps\xee_linda_problem_simple\node_modules\webpack\package.json
28 info package.json highcharts@4.2.7 license should be a valid SPDX license expression
29 info package.json react-swipeable-views@0.7.11 No README data
30 info package.json react-tap-event-plugin@2.0.1 No README data
31 info package.json react-tap-event-plugin@2.0.1 No license field.
32 verbose readDependencies loading dependencies from C:\Users\xeeadmin\xee\apps\xee_linda_problem_simple\package.json
33 silly cache add args [ 'json-loader', null ]
34 verbose cache add spec json-loader
35 silly cache add parsed spec Result {
35 silly cache add   raw: 'json-loader',
35 silly cache add   scope: null,
35 silly cache add   name: 'json-loader',
35 silly cache add   rawSpec: '',
35 silly cache add   spec: 'latest',
35 silly cache add   type: 'tag' }
36 silly addNamed json-loader@latest
37 verbose addNamed "latest" is being treated as a dist-tag for json-loader
38 info addNameTag [ 'json-loader', 'latest' ]
39 silly mapToRegistry name json-loader
40 silly mapToRegistry using default registry
41 silly mapToRegistry registry https://registry.npmjs.org/
42 silly mapToRegistry data Result {
42 silly mapToRegistry   raw: 'json-loader',
42 silly mapToRegistry   scope: null,
42 silly mapToRegistry   name: 'json-loader',
42 silly mapToRegistry   rawSpec: '',
42 silly mapToRegistry   spec: 'latest',
42 silly mapToRegistry   type: 'tag' }
43 silly mapToRegistry uri https://registry.npmjs.org/json-loader
44 verbose addNameTag registry:https://registry.npmjs.org/json-loader not in flight; fetching
45 verbose request uri https://registry.npmjs.org/json-loader
46 verbose request no auth needed
47 info attempt registry request try #1 at 15:35:02
48 verbose request id 96e80663d3ac1a1d
49 verbose etag W/"582c66cd-30de"
50 verbose lastModified Wed, 16 Nov 2016 14:01:49 GMT
51 http request GET https://registry.npmjs.org/json-loader
52 http 304 https://registry.npmjs.org/json-loader
53 verbose headers { date: 'Sun, 25 Dec 2016 06:34:38 GMT',
53 verbose headers   via: '1.1 varnish',
53 verbose headers   'cache-control': 'max-age=300',
53 verbose headers   etag: 'W/"582c66cd-30de"',
53 verbose headers   age: '266',
53 verbose headers   connection: 'keep-alive',
53 verbose headers   'x-served-by': 'cache-itm7424-ITM',
53 verbose headers   'x-cache': 'HIT',
53 verbose headers   'x-cache-hits': '1',
53 verbose headers   'x-timer': 'S1482647678.925414,VS0,VE0',
53 verbose headers   vary: 'Accept-Encoding' }
54 silly get cb [ 304,
54 silly get   { date: 'Sun, 25 Dec 2016 06:34:38 GMT',
54 silly get     via: '1.1 varnish',
54 silly get     'cache-control': 'max-age=300',
54 silly get     etag: 'W/"582c66cd-30de"',
54 silly get     age: '266',
54 silly get     connection: 'keep-alive',
54 silly get     'x-served-by': 'cache-itm7424-ITM',
54 silly get     'x-cache': 'HIT',
54 silly get     'x-cache-hits': '1',
54 silly get     'x-timer': 'S1482647678.925414,VS0,VE0',
54 silly get     vary: 'Accept-Encoding' } ]
55 verbose etag https://registry.npmjs.org/json-loader from cache
56 verbose get saving json-loader to C:\Users\xeeadmin\AppData\Roaming\npm-cache\registry.npmjs.org\json-loader\.cache.json
57 verbose correctMkdir C:\Users\xeeadmin\AppData\Roaming\npm-cache correctMkdir not in flight; initializing
58 silly addNameTag next cb for json-loader with tag latest
59 silly addNamed json-loader@0.5.4
60 verbose addNamed "0.5.4" is a plain semver version for json-loader
61 silly cache afterAdd json-loader@0.5.4
62 verbose afterAdd C:\Users\xeeadmin\AppData\Roaming\npm-cache\json-loader\0.5.4\package\package.json not in flight; writing
63 verbose correctMkdir C:\Users\xeeadmin\AppData\Roaming\npm-cache correctMkdir not in flight; initializing
64 verbose afterAdd C:\Users\xeeadmin\AppData\Roaming\npm-cache\json-loader\0.5.4\package\package.json written
65 silly install resolved [ { name: 'json-loader',
65 silly install resolved     version: '0.5.4',
65 silly install resolved     author: { name: 'Tobias Koppers @sokra' },
65 silly install resolved     description: 'json loader module for webpack',
65 silly install resolved     license: 'MIT',
65 silly install resolved     repository:
65 silly install resolved      { type: 'git',
65 silly install resolved        url: 'git+https://github.com/webpack/json-loader.git' },
65 silly install resolved     gitHead: '1409807e8e32c4f54248ffe44624cd12c84a6202',
65 silly install resolved     bugs: { url: 'https://github.com/webpack/json-loader/issues' },
65 silly install resolved     homepage: 'https://github.com/webpack/json-loader#readme',
65 silly install resolved     _id: 'json-loader@0.5.4',
65 silly install resolved     scripts: {},
65 silly install resolved     _shasum: '8baa1365a632f58a3c46d20175fc6002c96e37de',
65 silly install resolved     _from: 'json-loader@latest',
65 silly install resolved     _npmVersion: '2.10.1',
65 silly install resolved     _nodeVersion: '0.12.4',
65 silly install resolved     _npmUser: { name: 'sokra', email: 'tobias.koppers@googlemail.com' },
65 silly install resolved     maintainers: [ [Object] ],
65 silly install resolved     dist:
65 silly install resolved      { shasum: '8baa1365a632f58a3c46d20175fc6002c96e37de',
65 silly install resolved        tarball: 'https://registry.npmjs.org/json-loader/-/json-loader-0.5.4.tgz' },
65 silly install resolved     directories: {},
65 silly install resolved     _resolved: 'https://registry.npmjs.org/json-loader/-/json-loader-0.5.4.tgz',
65 silly install resolved     readme: 'ERROR: No README data found!' } ]
66 info install json-loader@0.5.4 into C:\Users\xeeadmin\xee\apps\xee_linda_problem_simple
67 info installOne json-loader@0.5.4
68 verbose installOne of json-loader to C:\Users\xeeadmin\xee\apps\xee_linda_problem_simple not in flight; installing
69 verbose correctMkdir C:\Users\xeeadmin\AppData\Roaming\npm-cache\_locks correctMkdir not in flight; initializing
70 verbose lock using C:\Users\xeeadmin\AppData\Roaming\npm-cache\_locks\json-loader-b4aa682fe7214267.lock for C:\Users\xeeadmin\xee\apps\xee_linda_problem_simple\node_modules\json-loader
71 silly install write writing json-loader 0.5.4 to C:\Users\xeeadmin\xee\apps\xee_linda_problem_simple\node_modules\json-loader
72 verbose unbuild node_modules\json-loader
73 silly gentlyRm C:\Users\xeeadmin\xee\apps\xee_linda_problem_simple\node_modules\json-loader is being purged from base C:\Users\xeeadmin\xee\apps\xee_linda_problem_simple
74 verbose gentlyRm don't care about contents; nuking C:\Users\xeeadmin\xee\apps\xee_linda_problem_simple\node_modules\json-loader
75 verbose tar unpack C:\Users\xeeadmin\AppData\Roaming\npm-cache\json-loader\0.5.4\package.tgz
76 verbose tar unpacking to C:\Users\xeeadmin\xee\apps\xee_linda_problem_simple\node_modules\json-loader
77 silly gentlyRm C:\Users\xeeadmin\xee\apps\xee_linda_problem_simple\node_modules\json-loader is being purged
78 verbose gentlyRm don't care about contents; nuking C:\Users\xeeadmin\xee\apps\xee_linda_problem_simple\node_modules\json-loader
79 silly gunzTarPerm modes [ '777', '666' ]
80 silly gunzTarPerm extractEntry package.json
81 silly gunzTarPerm extractEntry README.md
82 silly gunzTarPerm extractEntry index.js
83 verbose write writing to C:\Users\xeeadmin\xee\apps\xee_linda_problem_simple\node_modules\json-loader\package.json
84 info preinstall json-loader@0.5.4
85 verbose readDependencies loading dependencies from C:\Users\xeeadmin\xee\apps\xee_linda_problem_simple\node_modules\json-loader\package.json
86 verbose readDependencies loading dependencies from C:\Users\xeeadmin\xee\apps\xee_linda_problem_simple\node_modules\json-loader\package.json
87 silly install resolved []
88 verbose about to build C:\Users\xeeadmin\xee\apps\xee_linda_problem_simple\node_modules\json-loader
89 info build C:\Users\xeeadmin\xee\apps\xee_linda_problem_simple\node_modules\json-loader
90 info linkStuff json-loader@0.5.4
91 silly linkStuff json-loader@0.5.4 has C:\Users\xeeadmin\xee\apps\xee_linda_problem_simple\node_modules as its parent node_modules
92 verbose linkBins json-loader@0.5.4
93 verbose linkMans json-loader@0.5.4
94 verbose rebuildBundles json-loader@0.5.4
95 info install json-loader@0.5.4
96 info postinstall json-loader@0.5.4
97 verbose unlock done using C:\Users\xeeadmin\AppData\Roaming\npm-cache\_locks\json-loader-b4aa682fe7214267.lock for C:\Users\xeeadmin\xee\apps\xee_linda_problem_simple\node_modules\json-loader
98 verbose validateInstall loading C:\Users\xeeadmin\xee\apps\xee_linda_problem_simple\package.json for validation
99 verbose stack Error: The package react@15.3.2 does not satisfy its siblings' peerDependencies requirements!
99 verbose stack     at C:\Program Files\nodejs\node_modules\npm\lib\install.js:125:32
99 verbose stack     at C:\Program Files\nodejs\node_modules\npm\lib\install.js:268:7
99 verbose stack     at C:\Program Files\nodejs\node_modules\npm\node_modules\read-installed\read-installed.js:142:5
99 verbose stack     at C:\Program Files\nodejs\node_modules\npm\node_modules\read-installed\read-installed.js:263:14
99 verbose stack     at cb (C:\Program Files\nodejs\node_modules\npm\node_modules\slide\lib\async-map.js:47:24)
99 verbose stack     at C:\Program Files\nodejs\node_modules\npm\node_modules\read-installed\read-installed.js:263:14
99 verbose stack     at cb (C:\Program Files\nodejs\node_modules\npm\node_modules\slide\lib\async-map.js:47:24)
99 verbose stack     at C:\Program Files\nodejs\node_modules\npm\node_modules\read-installed\read-installed.js:263:14
99 verbose stack     at cb (C:\Program Files\nodejs\node_modules\npm\node_modules\slide\lib\async-map.js:47:24)
99 verbose stack     at C:\Program Files\nodejs\node_modules\npm\node_modules\read-installed\read-installed.js:263:14
100 verbose cwd C:\Users\xeeadmin\xee\apps\xee_linda_problem_simple
101 error Windows_NT 10.0.14393
102 error argv "C:\\Program Files\\nodejs\\node.exe" "C:\\Program Files\\nodejs\\node_modules\\npm\\bin\\npm-cli.js" "install" "--save" "json-loader"
103 error node v4.5.0
104 error npm  v2.15.9
105 error code EPEERINVALID
106 error peerinvalid The package react@15.3.2 does not satisfy its siblings' peerDependencies requirements!
106 error peerinvalid Peer material-ui@0.15.4 wants react@^15.0.0
106 error peerinvalid Peer react-dom@15.4.1 wants react@^15.4.1
106 error peerinvalid Peer react-highcharts@10.0.0 wants react@~0.14 || ^15.0.0
106 error peerinvalid Peer react-motion@0.4.7 wants react@>=0.13.2 || ^0.14 || ^15.0.0
106 error peerinvalid Peer react-redux@4.4.6 wants react@^0.14.0 || ^15.0.0-0 || ^15.4.0-0
106 error peerinvalid Peer react-swipeable-views@0.7.11 wants react@^15.0.0 || ^0.14.0
106 error peerinvalid Peer react-tap-event-plugin@2.0.1 wants react@^15.4.0-0
106 error peerinvalid Peer react-throttle-render@1.2.1 wants react@^0.14.0 || ^15.0
106 error peerinvalid Peer react-tooltip@3.2.2 wants react@^0.14.0 || ^15.0.0
107 verbose exit [ 1, true ]
